<?xml version="1.0" encoding="UTF-8"?>
<!-- Generated by org.testng.reporters.JUnitReportReporter -->
<testsuite hostname="D-113124489" failures="0" tests="8" name="com.wipro.testcases.PlaceOrder" time="59.986" errors="0" timestamp="2023-03-03T14:22:49 IST" skipped="0">
  <testcase classname="com.wipro.testcases.PlaceOrder" name="loginTest" time="5.996"/>
  <system-out/>
  <testcase classname="com.wipro.testcases.PlaceOrder" name="selectDesktopTest" time="6.974"/>
  <system-out/>
  <testcase classname="com.wipro.testcases.PlaceOrder" name="addToCartTest" time="20.102"/>
  <system-out/>
  <testcase classname="com.wipro.testcases.PlaceOrder" name="clickShoppingCartTest" time="3.180"/>
  <system-out/>
  <testcase classname="com.wipro.testcases.PlaceOrder" name="clickCheckoutTest" time="9.258"/>
  <system-out/>
  <testcase classname="com.wipro.testcases.PlaceOrder" name="makePaymentTest" time="6.181"/>
  <system-out/>
  <testcase classname="com.wipro.testcases.PlaceOrder" name="clickConfirmTest" time="1.784"/>
  <system-out/>
  <testcase classname="com.wipro.testcases.PlaceOrder" name="valiadteLogout" time="6.511"/>
  <system-out/>
</testsuite> <!-- com.wipro.testcases.PlaceOrder -->
