<?xml version="1.0" encoding="UTF-8"?>
<!-- Generated by org.testng.reporters.JUnitReportReporter -->
<testsuite hostname="D-113124489" failures="0" tests="3" name="com.wipro.testcases.ValidateMenu" time="24.076" errors="0" timestamp="2023-03-06T10:17:48 IST" skipped="0">
  <testcase classname="com.wipro.testcases.ValidateMenu" name="loginTest" time="4.973"/>
  <system-out/>
  <testcase classname="com.wipro.testcases.ValidateMenu" name="validateMenuTest" time="12.643"/>
  <system-out/>
  <testcase classname="com.wipro.testcases.ValidateMenu" name="validateLogOut" time="6.460"/>
  <system-out/>
</testsuite> <!-- com.wipro.testcases.ValidateMenu -->
