<?xml version="1.0" encoding="UTF-8"?>
<!-- Generated by org.testng.reporters.JUnitReportReporter -->
<testsuite hostname="D-113124489" failures="0" tests="1" name="com.wipro.testcases.AccountRegistration" time="9.439" errors="0" timestamp="2023-03-03T14:22:49 IST" skipped="0">
  <testcase classname="com.wipro.testcases.AccountRegistration" name="RegistrationTest" time="9.439"/>
  <system-out/>
</testsuite> <!-- com.wipro.testcases.AccountRegistration -->
