<?xml version="1.0" encoding="UTF-8"?>
<!-- Generated by org.testng.reporters.JUnitReportReporter -->
<testsuite hostname="D-113124489" failures="0" tests="3" name="com.wipro.testcases.ValidateMenu" time="26.099" errors="0" timestamp="2023-03-03T14:22:49 IST" skipped="0">
  <testcase classname="com.wipro.testcases.ValidateMenu" name="loginTest" time="5.454"/>
  <system-out/>
  <testcase classname="com.wipro.testcases.ValidateMenu" name="validateMenuTest" time="13.772"/>
  <system-out/>
  <testcase classname="com.wipro.testcases.ValidateMenu" name="validateLogOut" time="6.873"/>
  <system-out/>
</testsuite> <!-- com.wipro.testcases.ValidateMenu -->
