<?xml version="1.0" encoding="UTF-8"?>
<!-- Generated by org.testng.reporters.JUnitReportReporter -->
<testsuite hostname="D-113124489" failures="0" tests="8" name="com.wipro.testcases.PlaceOrder" time="57.438" errors="0" timestamp="2023-03-06T10:17:48 IST" skipped="0">
  <testcase classname="com.wipro.testcases.PlaceOrder" name="loginTest" time="4.757"/>
  <system-out/>
  <testcase classname="com.wipro.testcases.PlaceOrder" name="selectDesktopTest" time="6.633"/>
  <system-out/>
  <testcase classname="com.wipro.testcases.PlaceOrder" name="addToCartTest" time="20.098"/>
  <system-out/>
  <testcase classname="com.wipro.testcases.PlaceOrder" name="clickShoppingCartTest" time="2.940"/>
  <system-out/>
  <testcase classname="com.wipro.testcases.PlaceOrder" name="clickCheckoutTest" time="9.102"/>
  <system-out/>
  <testcase classname="com.wipro.testcases.PlaceOrder" name="makePaymentTest" time="6.193"/>
  <system-out/>
  <testcase classname="com.wipro.testcases.PlaceOrder" name="clickConfirmTest" time="1.106"/>
  <system-out/>
  <testcase classname="com.wipro.testcases.PlaceOrder" name="valiadteLogout" time="6.609"/>
  <system-out/>
</testsuite> <!-- com.wipro.testcases.PlaceOrder -->
